INFO:root:Successfully!!!!Save all the JSON File!!!! 
INFO:root:Today Vaccinate Sloting Details!!!
INFO:root:Save all the CSV File!!!
ERROR:root:Error has been occured
INFO:root:Successfully!!!!Save all the JSON File!!!! 
INFO:root:Today Vaccinate Sloting Details!!!
INFO:root:Save all the CSV File!!!
ERROR:root:Something Went Wrong
INFO:root:Successfully!!!!Save all the JSON File!!!! 
INFO:root:Today Vaccinate Sloting Details!!!
INFO:root:Save all the CSV File!!!
INFO:root:Successfully!!!!Save all the JSON File!!!! 
INFO:root:Today Vaccinate Sloting Details!!!
INFO:root:Save all the CSV File!!!
ERROR:root:Wrong!Check Your Validation
INFO:root:Successfully!!!!Save all the JSON File!!!! 
INFO:root:Today Vaccinate Sloting Details!!!
INFO:root:Save all the CSV File!!!
INFO:root:Successfully!!! Store the data
INFO:root:Successfully!!!!Save all the JSON File!!!! 
ERROR:root:Please Check Value int or string
INFO:root:Successfully!!!!Save all the JSON File!!!! 
INFO:root:Today Vaccinate Sloting Details!!!
INFO:root:Save all the CSV File!!!
INFO:root:Successfully!!! Store the data
INFO:root:Successfully!!! Search the data
INFO:root:Successfully!!! update the data
INFO:root:Successfully!!! delete the data
ERROR:root:Please Check Value int or string
